{"total": {"lines":{"total":1601,"covered":874,"skipped":0,"pct":54.59},"statements":{"total":1601,"covered":874,"skipped":0,"pct":54.59},"functions":{"total":52,"covered":31,"skipped":0,"pct":59.61},"branches":{"total":127,"covered":110,"skipped":0,"pct":86.61},"branchesTrue":{"total":0,"covered":0,"skipped":0,"pct":100}}
,"/Users/francisco.santos/Developer/github/pair-up-events/dist/assets/index-BllrA9W5.js": {"lines":{"total":233,"covered":0,"skipped":0,"pct":0},"functions":{"total":1,"covered":0,"skipped":0,"pct":0},"statements":{"total":233,"covered":0,"skipped":0,"pct":0},"branches":{"total":1,"covered":0,"skipped":0,"pct":0}}
,"/Users/francisco.santos/Developer/github/pair-up-events/src/App.tsx": {"lines":{"total":35,"covered":0,"skipped":0,"pct":0},"functions":{"total":1,"covered":0,"skipped":0,"pct":0},"statements":{"total":35,"covered":0,"skipped":0,"pct":0},"branches":{"total":1,"covered":0,"skipped":0,"pct":0}}
,"/Users/francisco.santos/Developer/github/pair-up-events/src/main.tsx": {"lines":{"total":4,"covered":0,"skipped":0,"pct":0},"functions":{"total":1,"covered":0,"skipped":0,"pct":0},"statements":{"total":4,"covered":0,"skipped":0,"pct":0},"branches":{"total":1,"covered":0,"skipped":0,"pct":0}}
,"/Users/francisco.santos/Developer/github/pair-up-events/src/vite-env.d.ts": {"lines":{"total":1,"covered":0,"skipped":0,"pct":0},"functions":{"total":1,"covered":0,"skipped":0,"pct":0},"statements":{"total":1,"covered":0,"skipped":0,"pct":0},"branches":{"total":1,"covered":0,"skipped":0,"pct":0}}
,"/Users/francisco.santos/Developer/github/pair-up-events/src/components/index.ts": {"lines":{"total":4,"covered":4,"skipped":0,"pct":100},"functions":{"total":0,"covered":0,"skipped":0,"pct":100},"statements":{"total":4,"covered":4,"skipped":0,"pct":100},"branches":{"total":0,"covered":0,"skipped":0,"pct":100}}
,"/Users/francisco.santos/Developer/github/pair-up-events/src/components/atoms/Button.tsx": {"lines":{"total":40,"covered":40,"skipped":0,"pct":100},"functions":{"total":1,"covered":1,"skipped":0,"pct":100},"statements":{"total":40,"covered":40,"skipped":0,"pct":100},"branches":{"total":1,"covered":1,"skipped":0,"pct":100}}
,"/Users/francisco.santos/Developer/github/pair-up-events/src/components/atoms/ErrorBoundary.tsx": {"lines":{"total":55,"covered":55,"skipped":0,"pct":100},"functions":{"total":3,"covered":3,"skipped":0,"pct":100},"statements":{"total":55,"covered":55,"skipped":0,"pct":100},"branches":{"total":33,"covered":33,"skipped":0,"pct":100}}
,"/Users/francisco.santos/Developer/github/pair-up-events/src/components/atoms/LoadingSpinner.tsx": {"lines":{"total":26,"covered":26,"skipped":0,"pct":100},"functions":{"total":2,"covered":2,"skipped":0,"pct":100},"statements":{"total":26,"covered":26,"skipped":0,"pct":100},"branches":{"total":11,"covered":11,"skipped":0,"pct":100}}
,"/Users/francisco.santos/Developer/github/pair-up-events/src/components/atoms/Logo.tsx": {"lines":{"total":41,"covered":41,"skipped":0,"pct":100},"functions":{"total":3,"covered":3,"skipped":0,"pct":100},"statements":{"total":41,"covered":41,"skipped":0,"pct":100},"branches":{"total":21,"covered":21,"skipped":0,"pct":100}}
,"/Users/francisco.santos/Developer/github/pair-up-events/src/components/atoms/sonner.tsx": {"lines":{"total":20,"covered":20,"skipped":0,"pct":100},"functions":{"total":1,"covered":1,"skipped":0,"pct":100},"statements":{"total":20,"covered":20,"skipped":0,"pct":100},"branches":{"total":1,"covered":1,"skipped":0,"pct":100}}
,"/Users/francisco.santos/Developer/github/pair-up-events/src/components/atoms/toast.tsx": {"lines":{"total":74,"covered":74,"skipped":0,"pct":100},"functions":{"total":0,"covered":0,"skipped":0,"pct":100},"statements":{"total":74,"covered":74,"skipped":0,"pct":100},"branches":{"total":1,"covered":1,"skipped":0,"pct":100}}
,"/Users/francisco.santos/Developer/github/pair-up-events/src/components/atoms/tooltip.tsx": {"lines":{"total":14,"covered":14,"skipped":0,"pct":100},"functions":{"total":0,"covered":0,"skipped":0,"pct":100},"statements":{"total":14,"covered":14,"skipped":0,"pct":100},"branches":{"total":0,"covered":0,"skipped":0,"pct":100}}
,"/Users/francisco.santos/Developer/github/pair-up-events/src/components/molecules/LoadingState.tsx": {"lines":{"total":37,"covered":37,"skipped":0,"pct":100},"functions":{"total":2,"covered":2,"skipped":0,"pct":100},"statements":{"total":37,"covered":37,"skipped":0,"pct":100},"branches":{"total":7,"covered":6,"skipped":0,"pct":85.71}}
,"/Users/francisco.santos/Developer/github/pair-up-events/src/components/molecules/alert-dialog.tsx": {"lines":{"total":76,"covered":76,"skipped":0,"pct":100},"functions":{"total":0,"covered":0,"skipped":0,"pct":100},"statements":{"total":76,"covered":76,"skipped":0,"pct":100},"branches":{"total":0,"covered":0,"skipped":0,"pct":100}}
,"/Users/francisco.santos/Developer/github/pair-up-events/src/components/molecules/date-picker.tsx": {"lines":{"total":19,"covered":19,"skipped":0,"pct":100},"functions":{"total":1,"covered":1,"skipped":0,"pct":100},"statements":{"total":19,"covered":19,"skipped":0,"pct":100},"branches":{"total":3,"covered":3,"skipped":0,"pct":100}}
,"/Users/francisco.santos/Developer/github/pair-up-events/src/components/molecules/image-picker.tsx": {"lines":{"total":23,"covered":23,"skipped":0,"pct":100},"functions":{"total":3,"covered":3,"skipped":0,"pct":100},"statements":{"total":23,"covered":23,"skipped":0,"pct":100},"branches":{"total":5,"covered":5,"skipped":0,"pct":100}}
,"/Users/francisco.santos/Developer/github/pair-up-events/src/components/molecules/social-auth-button.tsx": {"lines":{"total":10,"covered":10,"skipped":0,"pct":100},"functions":{"total":1,"covered":1,"skipped":0,"pct":100},"statements":{"total":10,"covered":10,"skipped":0,"pct":100},"branches":{"total":1,"covered":1,"skipped":0,"pct":100}}
,"/Users/francisco.santos/Developer/github/pair-up-events/src/components/molecules/toaster.tsx": {"lines":{"total":17,"covered":17,"skipped":0,"pct":100},"functions":{"total":1,"covered":1,"skipped":0,"pct":100},"statements":{"total":17,"covered":17,"skipped":0,"pct":100},"branches":{"total":2,"covered":2,"skipped":0,"pct":100}}
,"/Users/francisco.santos/Developer/github/pair-up-events/src/components/organisms/BenefitsSection.tsx": {"lines":{"total":41,"covered":26,"skipped":0,"pct":63.41},"functions":{"total":1,"covered":0,"skipped":0,"pct":0},"statements":{"total":41,"covered":26,"skipped":0,"pct":63.41},"branches":{"total":0,"covered":0,"skipped":0,"pct":100}}
,"/Users/francisco.santos/Developer/github/pair-up-events/src/components/organisms/EarlyAccessSection.tsx": {"lines":{"total":22,"covered":22,"skipped":0,"pct":100},"functions":{"total":1,"covered":1,"skipped":0,"pct":100},"statements":{"total":22,"covered":22,"skipped":0,"pct":100},"branches":{"total":1,"covered":1,"skipped":0,"pct":100}}
,"/Users/francisco.santos/Developer/github/pair-up-events/src/components/organisms/Footer.tsx": {"lines":{"total":34,"covered":34,"skipped":0,"pct":100},"functions":{"total":1,"covered":1,"skipped":0,"pct":100},"statements":{"total":34,"covered":34,"skipped":0,"pct":100},"branches":{"total":1,"covered":1,"skipped":0,"pct":100}}
,"/Users/francisco.santos/Developer/github/pair-up-events/src/components/organisms/HeroSection.tsx": {"lines":{"total":39,"covered":6,"skipped":0,"pct":15.38},"functions":{"total":1,"covered":0,"skipped":0,"pct":0},"statements":{"total":39,"covered":6,"skipped":0,"pct":15.38},"branches":{"total":0,"covered":0,"skipped":0,"pct":100}}
,"/Users/francisco.santos/Developer/github/pair-up-events/src/components/organisms/HowItWorksSection.tsx": {"lines":{"total":40,"covered":24,"skipped":0,"pct":60},"functions":{"total":1,"covered":0,"skipped":0,"pct":0},"statements":{"total":40,"covered":24,"skipped":0,"pct":60},"branches":{"total":0,"covered":0,"skipped":0,"pct":100}}
,"/Users/francisco.santos/Developer/github/pair-up-events/src/components/organisms/Navigation.tsx": {"lines":{"total":25,"covered":5,"skipped":0,"pct":20},"functions":{"total":1,"covered":0,"skipped":0,"pct":0},"statements":{"total":25,"covered":5,"skipped":0,"pct":20},"branches":{"total":0,"covered":0,"skipped":0,"pct":100}}
,"/Users/francisco.santos/Developer/github/pair-up-events/src/components/templates/LandingPageLayout.tsx": {"lines":{"total":26,"covered":7,"skipped":0,"pct":26.92},"functions":{"total":1,"covered":0,"skipped":0,"pct":0},"statements":{"total":26,"covered":7,"skipped":0,"pct":26.92},"branches":{"total":0,"covered":0,"skipped":0,"pct":100}}
,"/Users/francisco.santos/Developer/github/pair-up-events/src/components/templates/PageWrapper.tsx": {"lines":{"total":27,"covered":18,"skipped":0,"pct":66.66},"functions":{"total":2,"covered":1,"skipped":0,"pct":50},"statements":{"total":27,"covered":18,"skipped":0,"pct":66.66},"branches":{"total":2,"covered":1,"skipped":0,"pct":50}}
,"/Users/francisco.santos/Developer/github/pair-up-events/src/components/templates/SafeContainer.tsx": {"lines":{"total":23,"covered":6,"skipped":0,"pct":26.08},"functions":{"total":1,"covered":0,"skipped":0,"pct":0},"statements":{"total":23,"covered":6,"skipped":0,"pct":26.08},"branches":{"total":0,"covered":0,"skipped":0,"pct":100}}
,"/Users/francisco.santos/Developer/github/pair-up-events/src/components/templates/auth-layout.tsx": {"lines":{"total":16,"covered":16,"skipped":0,"pct":100},"functions":{"total":1,"covered":1,"skipped":0,"pct":100},"statements":{"total":16,"covered":16,"skipped":0,"pct":100},"branches":{"total":1,"covered":1,"skipped":0,"pct":100}}
,"/Users/francisco.santos/Developer/github/pair-up-events/src/components/ui/button.tsx": {"lines":{"total":11,"covered":11,"skipped":0,"pct":100},"functions":{"total":0,"covered":0,"skipped":0,"pct":100},"statements":{"total":11,"covered":11,"skipped":0,"pct":100},"branches":{"total":3,"covered":3,"skipped":0,"pct":100}}
,"/Users/francisco.santos/Developer/github/pair-up-events/src/components/ui/calendar.tsx": {"lines":{"total":158,"covered":148,"skipped":0,"pct":93.67},"functions":{"total":6,"covered":4,"skipped":0,"pct":66.66},"statements":{"total":158,"covered":148,"skipped":0,"pct":93.67},"branches":{"total":12,"covered":10,"skipped":0,"pct":83.33}}
,"/Users/francisco.santos/Developer/github/pair-up-events/src/components/ui/input.tsx": {"lines":{"total":13,"covered":0,"skipped":0,"pct":0},"functions":{"total":1,"covered":0,"skipped":0,"pct":0},"statements":{"total":13,"covered":0,"skipped":0,"pct":0},"branches":{"total":1,"covered":0,"skipped":0,"pct":0}}
,"/Users/francisco.santos/Developer/github/pair-up-events/src/components/ui/label.tsx": {"lines":{"total":10,"covered":0,"skipped":0,"pct":0},"functions":{"total":1,"covered":0,"skipped":0,"pct":0},"statements":{"total":10,"covered":0,"skipped":0,"pct":0},"branches":{"total":1,"covered":0,"skipped":0,"pct":0}}
,"/Users/francisco.santos/Developer/github/pair-up-events/src/components/ui/popover.tsx": {"lines":{"total":15,"covered":0,"skipped":0,"pct":0},"functions":{"total":1,"covered":0,"skipped":0,"pct":0},"statements":{"total":15,"covered":0,"skipped":0,"pct":0},"branches":{"total":1,"covered":0,"skipped":0,"pct":0}}
,"/Users/francisco.santos/Developer/github/pair-up-events/src/components/ui/textarea.tsx": {"lines":{"total":12,"covered":0,"skipped":0,"pct":0},"functions":{"total":1,"covered":0,"skipped":0,"pct":0},"statements":{"total":12,"covered":0,"skipped":0,"pct":0},"branches":{"total":1,"covered":0,"skipped":0,"pct":0}}
,"/Users/francisco.santos/Developer/github/pair-up-events/src/hooks/use-mobile.tsx": {"lines":{"total":15,"covered":15,"skipped":0,"pct":100},"functions":{"total":2,"covered":2,"skipped":0,"pct":100},"statements":{"total":15,"covered":15,"skipped":0,"pct":100},"branches":{"total":4,"covered":4,"skipped":0,"pct":100}}
,"/Users/francisco.santos/Developer/github/pair-up-events/src/hooks/use-toast.ts": {"lines":{"total":126,"covered":0,"skipped":0,"pct":0},"functions":{"total":1,"covered":0,"skipped":0,"pct":0},"statements":{"total":126,"covered":0,"skipped":0,"pct":0},"branches":{"total":1,"covered":0,"skipped":0,"pct":0}}
,"/Users/francisco.santos/Developer/github/pair-up-events/src/lib/button-variants.ts": {"lines":{"total":22,"covered":22,"skipped":0,"pct":100},"functions":{"total":0,"covered":0,"skipped":0,"pct":100},"statements":{"total":22,"covered":22,"skipped":0,"pct":100},"branches":{"total":0,"covered":0,"skipped":0,"pct":100}}
,"/Users/francisco.santos/Developer/github/pair-up-events/src/lib/sonner-toast.ts": {"lines":{"total":1,"covered":1,"skipped":0,"pct":100},"functions":{"total":0,"covered":0,"skipped":0,"pct":100},"statements":{"total":1,"covered":1,"skipped":0,"pct":100},"branches":{"total":0,"covered":0,"skipped":0,"pct":100}}
,"/Users/francisco.santos/Developer/github/pair-up-events/src/lib/utils.ts": {"lines":{"total":31,"covered":31,"skipped":0,"pct":100},"functions":{"total":1,"covered":1,"skipped":0,"pct":100},"statements":{"total":31,"covered":31,"skipped":0,"pct":100},"branches":{"total":1,"covered":1,"skipped":0,"pct":100}}
,"/Users/francisco.santos/Developer/github/pair-up-events/src/pages/Index.tsx": {"lines":{"total":22,"covered":0,"skipped":0,"pct":0},"functions":{"total":1,"covered":0,"skipped":0,"pct":0},"statements":{"total":22,"covered":0,"skipped":0,"pct":0},"branches":{"total":1,"covered":0,"skipped":0,"pct":0}}
,"/Users/francisco.santos/Developer/github/pair-up-events/src/pages/NotFound.tsx": {"lines":{"total":28,"covered":26,"skipped":0,"pct":92.85},"functions":{"total":2,"covered":2,"skipped":0,"pct":100},"statements":{"total":28,"covered":26,"skipped":0,"pct":92.85},"branches":{"total":4,"covered":3,"skipped":0,"pct":75}}
,"/Users/francisco.santos/Developer/github/pair-up-events/src/pages/auth.tsx": {"lines":{"total":24,"covered":0,"skipped":0,"pct":0},"functions":{"total":1,"covered":0,"skipped":0,"pct":0},"statements":{"total":24,"covered":0,"skipped":0,"pct":0},"branches":{"total":1,"covered":0,"skipped":0,"pct":0}}
,"/Users/francisco.santos/Developer/github/pair-up-events/src/pages/create.tsx": {"lines":{"total":91,"covered":0,"skipped":0,"pct":0},"functions":{"total":1,"covered":0,"skipped":0,"pct":0},"statements":{"total":91,"covered":0,"skipped":0,"pct":0},"branches":{"total":1,"covered":0,"skipped":0,"pct":0}}
}
